# Logfile created on 2010-06-08 23:22:59 -0400  [4;36;1mSQL (0.3ms)[0m   [0;1m SELECT name
 FROM sqlite_master
 WHERE type = 'table' AND NOT name = 'sqlite_sequence'
[0m
  [4;35;1mSQL (0.1ms)[0m   [0mselect sqlite_version(*)[0m
  [4;36;1mSQL (27.6ms)[0m   [0;1mCREATE TABLE "schema_migrations" ("version" varchar(255) NOT NULL) [0m
  [4;35;1mSQL (28.4ms)[0m   [0mCREATE UNIQUE INDEX "unique_schema_migrations" ON "schema_migrations" ("version")[0m
  [4;36;1mSQL (0.2ms)[0m   [0;1m SELECT name
 FROM sqlite_master
 WHERE type = 'table' AND NOT name = 'sqlite_sequence'
[0m
  [4;35;1mSQL (0.1ms)[0m   [0mSELECT version FROM schema_migrations[0m
Migrating to Job (1)
  [4;36;1mSQL (0.4ms)[0m   [0;1mINSERT INTO schema_migrations (version) VALUES ('1')[0m
Migrating to CreateJobs (2)
  [4;35;1mSQL (0.6ms)[0m   [0mCREATE TABLE "jobs" ("id" INTEGER PRIMARY KEY AUTOINCREMENT NOT NULL, "title" varchar(255) NOT NULL, "description" text NOT NULL, "start_date" datetime, "end_date" datetime, "is_active" boolean DEFAULT 1 NOT NULL, "is_hot_job" boolean DEFAULT 0, "sort_order" integer, "category_id" integer) [0m
  [4;36;1mSQL (0.1ms)[0m   [0;1mINSERT INTO schema_migrations (version) VALUES ('2')[0m
Migrating to CreateCategories (3)
  [4;35;1mSQL (0.5ms)[0m   [0mCREATE TABLE "categories" ("id" INTEGER PRIMARY KEY AUTOINCREMENT NOT NULL, "name" varchar(255) NOT NULL, "description" text NOT NULL, "is_active" boolean NOT NULL, "sort_order" integer) [0m
  [4;36;1mSQL (0.1ms)[0m   [0;1mINSERT INTO schema_migrations (version) VALUES ('3')[0m
Migrating to CreateUsers (4)
  [4;35;1mSQL (0.3ms)[0m   [0m SELECT name
 FROM sqlite_master
 WHERE type = 'table' AND NOT name = 'sqlite_sequence'
[0m
  [4;36;1mSQL (0.3ms)[0m   [0;1mCREATE TABLE "users" ("id" INTEGER PRIMARY KEY AUTOINCREMENT NOT NULL, "login" varchar(255), "email" varchar(255), "crypted_password" varchar(40), "salt" varchar(40), "created_at" datetime, "updated_at" datetime, "remember_token" varchar(255), "remember_token_expires_at" datetime) [0m
  [4;35;1mSQL (0.1ms)[0m   [0mINSERT INTO schema_migrations (version) VALUES ('4')[0m
Migrating to ChangeJobSort (5)
  [4;36;1mSQL (0.6ms)[0m   [0;1mCREATE TEMPORARY TABLE "altered_jobs" ("id" INTEGER PRIMARY KEY AUTOINCREMENT NOT NULL, "title" varchar(255) NOT NULL, "description" text NOT NULL, "start_date" datetime, "end_date" datetime, "is_active" boolean DEFAULT 't' NOT NULL, "is_hot_job" boolean DEFAULT 'f', "position" integer, "category_id" integer) [0m
  [4;35;1mSQL (0.0ms)[0m   [0mPRAGMA index_list("jobs")[0m
  [4;36;1mSQL (0.5ms)[0m   [0;1mDROP TABLE "jobs"[0m
  [4;35;1mSQL (0.3ms)[0m   [0mCREATE TABLE "jobs" ("id" INTEGER PRIMARY KEY AUTOINCREMENT NOT NULL, "title" varchar(255) NOT NULL, "description" text NOT NULL, "start_date" datetime, "end_date" datetime, "is_active" boolean DEFAULT 't' NOT NULL, "is_hot_job" boolean DEFAULT 'f', "position" integer, "category_id" integer) [0m
  [4;36;1mSQL (0.0ms)[0m   [0;1mPRAGMA index_list("altered_jobs")[0m
  [4;35;1mSQL (0.5ms)[0m   [0mDROP TABLE "altered_jobs"[0m
  [4;36;1mSQL (0.1ms)[0m   [0;1mINSERT INTO schema_migrations (version) VALUES ('5')[0m
  [4;35;1mSQL (0.4ms)[0m   [0m SELECT name
 FROM sqlite_master
 WHERE type = 'table' AND NOT name = 'sqlite_sequence'
[0m
  [4;36;1mSQL (0.2ms)[0m   [0;1mSELECT version FROM schema_migrations[0m
  [4;35;1mSQL (0.2ms)[0m   [0m SELECT name
 FROM sqlite_master
 WHERE type = 'table' AND NOT name = 'sqlite_sequence'
[0m
  [4;36;1mSQL (0.1ms)[0m   [0;1mPRAGMA index_list("categories")[0m
  [4;35;1mSQL (0.0ms)[0m   [0mPRAGMA index_list("jobs")[0m
  [4;36;1mSQL (0.0ms)[0m   [0;1mPRAGMA index_list("users")[0m


Processing ShowController#index (for 127.0.0.1 at 2010-06-08 23:26:47) [GET]
Rendering template within layouts/homepage
Rendering show/index
Rendered show/_solutions (2.1ms)
Rendered show/_quotes (2.4ms)
Rendered show/_sub_nav (73.1ms)
Rendered show/_main_links (3.7ms)
Completed in 195ms (View: 194, DB: 0) | 200 OK [http://localhost/]


Processing ShowController#jobs (for 127.0.0.1 at 2010-06-08 23:26:54) [GET]
  [4;36;1mCategory Load (0.1ms)[0m   [0;1mSELECT * FROM "categories" WHERE ("categories"."id" = 1) [0m

ActiveRecord::RecordNotFound (Couldn't find Category with ID=1):
  app/controllers/show_controller.rb:10:in `jobs'
  <internal:prelude>:8:in `synchronize'
  /usr/local/lib/ruby/1.9.1/webrick/httpserver.rb:111:in `service'
  /usr/local/lib/ruby/1.9.1/webrick/httpserver.rb:70:in `run'
  /usr/local/lib/ruby/1.9.1/webrick/server.rb:183:in `block in start_thread'

Rendered rescues/_trace (59.6ms)
Rendered rescues/_request_and_response (1.4ms)
Rendering rescues/layout (not_found)
